node.exe : Failed to 
compile.
At line:1 char:1
+ & "C:\Program 
Files\nodejs/node.exe" 
"C:\Program 
Files\nodejs/node_mo ...
+ ~~~~~~~~~~~~~~~~~~~~~~~~~
~~~~~~~~~~~~~~~~~~~~~~~~~~~
~~~~~~~~~~~~~~~~~
    + CategoryInfo         
     : NotSpecified: (Fai  
  led to compile.:String   
 ) [], RemoteException
    + FullyQualifiedErrorI 
   d : NativeCommandError
 

./src/app/globals.css.webpa
ck[javascript/auto]!=!./nod
e_modules/next/dist/build/w
ebpack/loaders/css-loader/s
rc/index.js??ruleSet[1].rul
es[13].oneOf[10].use[2]!./n
ode_modules/next/dist/build
/webpack/loaders/postcss-lo
ader/src/index.js??ruleSet[
1].rules[13].oneOf[10].use[
3]!./src/app/globals.css
Error: Cannot find module 
'@tailwindcss/postcss'
Require stack:
- C:\Users\USER\Documents\G
itHub\FluxAudit\node_module
s\next\dist\build\webpack\c
onfig\blocks\css\plugins.js
- C:\Users\USER\Documents\G
itHub\FluxAudit\node_module
s\next\dist\build\webpack\c
onfig\blocks\css\index.js
- C:\Users\USER\Documents\G
itHub\FluxAudit\node_module
s\next\dist\build\webpack\c
onfig\index.js
- C:\Users\USER\Documents\G
itHub\FluxAudit\node_module
s\next\dist\build\webpack-c
onfig.js
- C:\Users\USER\Documents\G
itHub\FluxAudit\node_module
s\next\dist\build\webpack-b
uild\impl.js
- C:\Users\USER\Documents\G
itHub\FluxAudit\node_module
s\next\dist\compiled\jest-w
orker\processChild.js
    at 
Function.<anonymous> (node:
internal/modules/cjs/loader
:1365:15)
    at C:\Users\USER\Docume
nts\GitHub\FluxAudit\node_m
odules\next\dist\server\req
uire-hook.js:55:36
    at Function.resolve (no
de:internal/modules/helpers
:145:19)
    at loadPlugin (C:\Users
\USER\Documents\GitHub\Flux
Audit\node_modules\next\dis
t\build\webpack\config\bloc
ks\css\plugins.js:49:32)
    at C:\Users\USER\Docume
nts\GitHub\FluxAudit\node_m
odules\next\dist\build\webp
ack\config\blocks\css\plugi
ns.js:157:56
    at Array.map 
(<anonymous>)
    at getPostCssPlugins (C
:\Users\USER\Documents\GitH
ub\FluxAudit\node_modules\n
ext\dist\build\webpack\conf
ig\blocks\css\plugins.js:15
7:47)
    at async C:\Users\USER\
Documents\GitHub\FluxAudit\
node_modules\next\dist\buil
d\webpack\config\blocks\css
\index.js:124:36
    at async C:\Users\USER\
Documents\GitHub\FluxAudit\
node_modules\next\dist\buil
d\webpack\loaders\postcss-l
oader\src\index.js:51:40
    at async 
Span.traceAsyncFn (C:\Users
\USER\Documents\GitHub\Flux
Audit\node_modules\next\dis
t\trace\trace.js:157:20)

Import trace for requested 
module:
./src/app/globals.css.webpa
ck[javascript/auto]!=!./nod
e_modules/next/dist/build/w
ebpack/loaders/css-loader/s
rc/index.js??ruleSet[1].rul
es[13].oneOf[10].use[2]!./n
ode_modules/next/dist/build
/webpack/loaders/postcss-lo
ader/src/index.js??ruleSet[
1].rules[13].oneOf[10].use[
3]!./src/app/globals.css
./src/app/globals.css

./src/app/globals.css
Error: Cannot find module 
'@tailwindcss/postcss'
Require stack:
- C:\Users\USER\Documents\G
itHub\FluxAudit\node_module
s\next\dist\build\webpack\c
onfig\blocks\css\plugins.js
- C:\Users\USER\Documents\G
itHub\FluxAudit\node_module
s\next\dist\build\webpack\c
onfig\blocks\css\index.js
- C:\Users\USER\Documents\G
itHub\FluxAudit\node_module
s\next\dist\build\webpack\c
onfig\index.js
- C:\Users\USER\Documents\G
itHub\FluxAudit\node_module
s\next\dist\build\webpack-c
onfig.js
- C:\Users\USER\Documents\G
itHub\FluxAudit\node_module
s\next\dist\build\webpack-b
uild\impl.js
- C:\Users\USER\Documents\G
itHub\FluxAudit\node_module
s\next\dist\compiled\jest-w
orker\processChild.js
    at 
Function.<anonymous> (node:
internal/modules/cjs/loader
:1365:15)
    at C:\Users\USER\Docume
nts\GitHub\FluxAudit\node_m
odules\next\dist\server\req
uire-hook.js:55:36
    at Function.resolve (no
de:internal/modules/helpers
:145:19)
    at loadPlugin (C:\Users
\USER\Documents\GitHub\Flux
Audit\node_modules\next\dis
t\build\webpack\config\bloc
ks\css\plugins.js:49:32)
    at C:\Users\USER\Docume
nts\GitHub\FluxAudit\node_m
odules\next\dist\build\webp
ack\config\blocks\css\plugi
ns.js:157:56
    at Array.map 
(<anonymous>)
    at getPostCssPlugins (C
:\Users\USER\Documents\GitH
ub\FluxAudit\node_modules\n
ext\dist\build\webpack\conf
ig\blocks\css\plugins.js:15
7:47)
    at async C:\Users\USER\
Documents\GitHub\FluxAudit\
node_modules\next\dist\buil
d\webpack\config\blocks\css
\index.js:124:36
    at async C:\Users\USER\
Documents\GitHub\FluxAudit\
node_modules\next\dist\buil
d\webpack\loaders\postcss-l
oader\src\index.js:51:40
    at async 
Span.traceAsyncFn (C:\Users
\USER\Documents\GitHub\Flux
Audit\node_modules\next\dis
t\trace\trace.js:157:20)
    at 
tryRunOrWebpackError (C:\Us
ers\USER\Documents\GitHub\F
luxAudit\node_modules\next\
dist\compiled\webpack\bundl
e5.js:28:313010)
    at 
__webpack_require_module__ 
(C:\Users\USER\Documents\Gi
tHub\FluxAudit\node_modules
\next\dist\compiled\webpack
\bundle5.js:28:131165)
    at __nested_webpack_req
uire_153728__ (C:\Users\USE
R\Documents\GitHub\FluxAudi
t\node_modules\next\dist\co
mpiled\webpack\bundle5.js:2
8:130607)
    at C:\Users\USER\Docume
nts\GitHub\FluxAudit\node_m
odules\next\dist\compiled\w
ebpack\bundle5.js:28:131454
    at symbolIterator (C:\U
sers\USER\Documents\GitHub\
FluxAudit\node_modules\next
\dist\compiled\neo-async\as
ync.js:1:14444)
    at done (C:\Users\USER\
Documents\GitHub\FluxAudit\
node_modules\next\dist\comp
iled\neo-async\async.js:1:1
4824)
    at Hook.eval [as 
callAsync] (eval at create 
(C:\Users\USER\Documents\Gi
tHub\FluxAudit\node_modules
\next\dist\compiled\webpack
\bundle5.js:13:28858), 
<anonymous>:15:1)
    at 
Hook.CALL_ASYNC_DELEGATE 
[as _callAsync] (C:\Users\U
SER\Documents\GitHub\FluxAu
dit\node_modules\next\dist\
compiled\webpack\bundle5.js
:13:26012)
    at C:\Users\USER\Docume
nts\GitHub\FluxAudit\node_m
odules\next\dist\compiled\w
ebpack\bundle5.js:28:130328
    at symbolIterator (C:\U
sers\USER\Documents\GitHub\
FluxAudit\node_modules\next
\dist\compiled\neo-async\as
ync.js:1:14402)
-- inner error --
Error: Cannot find module 
'@tailwindcss/postcss'
Require stack:
- C:\Users\USER\Documents\G
itHub\FluxAudit\node_module
s\next\dist\build\webpack\c
onfig\blocks\css\plugins.js
- C:\Users\USER\Documents\G
itHub\FluxAudit\node_module
s\next\dist\build\webpack\c
onfig\blocks\css\index.js
- C:\Users\USER\Documents\G
itHub\FluxAudit\node_module
s\next\dist\build\webpack\c
onfig\index.js
- C:\Users\USER\Documents\G
itHub\FluxAudit\node_module
s\next\dist\build\webpack-c
onfig.js
- C:\Users\USER\Documents\G
itHub\FluxAudit\node_module
s\next\dist\build\webpack-b
uild\impl.js
- C:\Users\USER\Documents\G
itHub\FluxAudit\node_module
s\next\dist\compiled\jest-w
orker\processChild.js
    at 
Function.<anonymous> (node:
internal/modules/cjs/loader
:1365:15)
    at C:\Users\USER\Docume
nts\GitHub\FluxAudit\node_m
odules\next\dist\server\req
uire-hook.js:55:36
    at Function.resolve (no
de:internal/modules/helpers
:145:19)
    at loadPlugin (C:\Users
\USER\Documents\GitHub\Flux
Audit\node_modules\next\dis
t\build\webpack\config\bloc
ks\css\plugins.js:49:32)
    at C:\Users\USER\Docume
nts\GitHub\FluxAudit\node_m
odules\next\dist\build\webp
ack\config\blocks\css\plugi
ns.js:157:56
    at Array.map 
(<anonymous>)
    at getPostCssPlugins (C
:\Users\USER\Documents\GitH
ub\FluxAudit\node_modules\n
ext\dist\build\webpack\conf
ig\blocks\css\plugins.js:15
7:47)
    at async C:\Users\USER\
Documents\GitHub\FluxAudit\
node_modules\next\dist\buil
d\webpack\config\blocks\css
\index.js:124:36
    at async C:\Users\USER\
Documents\GitHub\FluxAudit\
node_modules\next\dist\buil
d\webpack\loaders\postcss-l
oader\src\index.js:51:40
    at async 
Span.traceAsyncFn (C:\Users
\USER\Documents\GitHub\Flux
Audit\node_modules\next\dis
t\trace\trace.js:157:20)
    at Object.<anonymous> (
C:\Users\USER\Documents\Git
Hub\FluxAudit\node_modules\
next\dist\build\webpack\loa
ders\css-loader\src\index.j
s??ruleSet[1].rules[13].one
Of[10].use[2]!C:\Users\USER
\Documents\GitHub\FluxAudit
\node_modules\next\dist\bui
ld\webpack\loaders\postcss-
loader\src\index.js??ruleSe
t[1].rules[13].oneOf[10].us
e[3]!C:\Users\USER\Document
s\GitHub\FluxAudit\src\app\
globals.css:1:7)
    at C:\Users\USER\Docume
nts\GitHub\FluxAudit\node_m
odules\next\dist\compiled\w
ebpack\bundle5.js:28:922602
    at Hook.eval [as call] 
(eval at create (C:\Users\U
SER\Documents\GitHub\FluxAu
dit\node_modules\next\dist\
compiled\webpack\bundle5.js
:13:28636), 
<anonymous>:7:1)
    at Hook.CALL_DELEGATE 
[as _call] (C:\Users\USER\D
ocuments\GitHub\FluxAudit\n
ode_modules\next\dist\compi
led\webpack\bundle5.js:13:2
5906)
    at C:\Users\USER\Docume
nts\GitHub\FluxAudit\node_m
odules\next\dist\compiled\w
ebpack\bundle5.js:28:131198
    at 
tryRunOrWebpackError (C:\Us
ers\USER\Documents\GitHub\F
luxAudit\node_modules\next\
dist\compiled\webpack\bundl
e5.js:28:312964)
    at 
__webpack_require_module__ 
(C:\Users\USER\Documents\Gi
tHub\FluxAudit\node_modules
\next\dist\compiled\webpack
\bundle5.js:28:131165)
    at __nested_webpack_req
uire_153728__ (C:\Users\USE
R\Documents\GitHub\FluxAudi
t\node_modules\next\dist\co
mpiled\webpack\bundle5.js:2
8:130607)
    at C:\Users\USER\Docume
nts\GitHub\FluxAudit\node_m
odules\next\dist\compiled\w
ebpack\bundle5.js:28:131454
    at symbolIterator (C:\U
sers\USER\Documents\GitHub\
FluxAudit\node_modules\next
\dist\compiled\neo-async\as
ync.js:1:14444)

Generated code for C:\Users
\USER\Documents\GitHub\Flux
Audit\node_modules\next\dis
t\build\webpack\loaders\css
-loader\src\index.js??ruleS
et[1].rules[13].oneOf[10].u
se[2]!C:\Users\USER\Documen
ts\GitHub\FluxAudit\node_mo
dules\next\dist\build\webpa
ck\loaders\postcss-loader\s
rc\index.js??ruleSet[1].rul
es[13].oneOf[10].use[3]!C:\
Users\USER\Documents\GitHub
\FluxAudit\src\app\globals.
css

Import trace for requested 
module:
./src/app/globals.css


> Build failed because of 
webpack errors
